[2023-02-18T15:01:19.812181+00:00] DogtorPET.WARNING: Token not found [] []
[2023-02-18T15:29:03.463546+00:00] DogtorPET.DEBUG: CORS analysis for request started. [] []
[2023-02-18T15:29:03.463878+00:00] DogtorPET.DEBUG: Request is identified as a pre-flight CORS request. [] []
[2023-02-18T15:29:03.464423+00:00] DogtorPET.DEBUG: CORS analysis for request completed. [] []
[2023-02-18T15:29:03.470772+00:00] DogtorPET.DEBUG: CORS analysis for request started. [] []
[2023-02-18T15:29:03.470948+00:00] DogtorPET.DEBUG: Request is identified as an actual CORS request. [] []
[2023-02-18T15:29:03.471014+00:00] DogtorPET.DEBUG: CORS analysis for request completed. [] []
[2023-02-18T15:37:04.810076+00:00] DogtorPET.DEBUG: CORS analysis for request started. [] []
[2023-02-18T15:37:04.810194+00:00] DogtorPET.DEBUG: Request is identified as a pre-flight CORS request. [] []
[2023-02-18T15:37:04.810245+00:00] DogtorPET.DEBUG: CORS analysis for request completed. [] []
[2023-02-18T15:37:04.814867+00:00] DogtorPET.DEBUG: CORS analysis for request started. [] []
[2023-02-18T15:37:04.815061+00:00] DogtorPET.DEBUG: Request is identified as an actual CORS request. [] []
[2023-02-18T15:37:04.815101+00:00] DogtorPET.DEBUG: CORS analysis for request completed. [] []
[2023-02-18T15:37:04.830948+00:00] DogtorPET.WARNING: Token not found [] []
[2023-02-18T15:38:32.029615+00:00] DogtorPET.DEBUG: CORS analysis for request started. [] []
[2023-02-18T15:38:32.029803+00:00] DogtorPET.DEBUG: Request is identified as a pre-flight CORS request. [] []
[2023-02-18T15:38:32.029879+00:00] DogtorPET.DEBUG: CORS analysis for request completed. [] []
[2023-02-18T15:38:32.037232+00:00] DogtorPET.DEBUG: CORS analysis for request started. [] []
[2023-02-18T15:38:32.037457+00:00] DogtorPET.DEBUG: Request is identified as an actual CORS request. [] []
[2023-02-18T15:38:32.037563+00:00] DogtorPET.DEBUG: CORS analysis for request completed. [] []
[2023-02-18T15:38:32.066747+00:00] DogtorPET.WARNING: Token not found [] []
[2023-02-18T15:40:41.128506+00:00] DogtorPET.DEBUG: CORS analysis for request started. [] []
[2023-02-18T15:40:41.128656+00:00] DogtorPET.DEBUG: Request is identified as a pre-flight CORS request. [] []
[2023-02-18T15:40:41.128718+00:00] DogtorPET.DEBUG: CORS analysis for request completed. [] []
[2023-02-18T15:40:41.135630+00:00] DogtorPET.DEBUG: CORS analysis for request started. [] []
[2023-02-18T15:40:41.135924+00:00] DogtorPET.DEBUG: Request is identified as an actual CORS request. [] []
[2023-02-18T15:40:41.135970+00:00] DogtorPET.DEBUG: CORS analysis for request completed. [] []
[2023-02-18T15:40:41.153281+00:00] DogtorPET.WARNING: Token not found [] []
[2023-02-18T15:44:45.506585+00:00] DogtorPET.WARNING: Token not found [] []
[2023-02-18T15:47:51.583019+00:00] DogtorPET.WARNING: Token not found [] []
[2023-02-18T15:49:33.099530+00:00] DogtorPET.DEBUG: CORS analysis for request started. [] []
[2023-02-18T15:49:33.099841+00:00] DogtorPET.DEBUG: Request is identified as a pre-flight CORS request. [] []
[2023-02-18T15:49:33.099938+00:00] DogtorPET.DEBUG: CORS analysis for request completed. [] []
[2023-02-18T15:49:33.105564+00:00] DogtorPET.DEBUG: Using token from request header [] []
[2023-02-18T15:49:33.109080+00:00] DogtorPET.DEBUG: CORS analysis for request started. [] []
[2023-02-18T15:49:33.109195+00:00] DogtorPET.DEBUG: Request is identified as an actual CORS request. [] []
[2023-02-18T15:49:33.109239+00:00] DogtorPET.DEBUG: CORS analysis for request completed. [] []
[2023-02-18T15:50:09.089284+00:00] DogtorPET.DEBUG: CORS analysis for request started. [] []
[2023-02-18T15:50:09.089505+00:00] DogtorPET.DEBUG: Request is identified as a pre-flight CORS request. [] []
[2023-02-18T15:50:09.089577+00:00] DogtorPET.DEBUG: CORS analysis for request completed. [] []
[2023-02-18T15:50:09.097090+00:00] DogtorPET.DEBUG: Using token from request header [] []
[2023-02-18T15:50:09.097569+00:00] DogtorPET.DEBUG: CORS analysis for request started. [] []
[2023-02-18T15:50:09.097653+00:00] DogtorPET.DEBUG: Request is identified as an actual CORS request. [] []
[2023-02-18T15:50:09.097732+00:00] DogtorPET.DEBUG: CORS analysis for request completed. [] []
[2023-02-18T15:50:42.992216+00:00] DogtorPET.DEBUG: CORS analysis for request started. [] []
[2023-02-18T15:50:42.992441+00:00] DogtorPET.DEBUG: Request is identified as a pre-flight CORS request. [] []
[2023-02-18T15:50:42.992554+00:00] DogtorPET.DEBUG: CORS analysis for request completed. [] []
[2023-02-18T15:50:43.000177+00:00] DogtorPET.DEBUG: Using token from request header [] []
[2023-02-18T15:50:43.000829+00:00] DogtorPET.DEBUG: CORS analysis for request started. [] []
[2023-02-18T15:50:43.001065+00:00] DogtorPET.DEBUG: Request is identified as an actual CORS request. [] []
[2023-02-18T15:50:43.001255+00:00] DogtorPET.DEBUG: CORS analysis for request completed. [] []
[2023-02-18T15:52:57.452052+00:00] DogtorPET.DEBUG: CORS analysis for request started. [] []
[2023-02-18T15:52:57.452268+00:00] DogtorPET.DEBUG: Request is identified as a pre-flight CORS request. [] []
[2023-02-18T15:52:57.452353+00:00] DogtorPET.DEBUG: CORS analysis for request completed. [] []
[2023-02-18T15:52:57.460276+00:00] DogtorPET.DEBUG: Using token from request header [] []
[2023-02-18T15:52:57.460702+00:00] DogtorPET.DEBUG: CORS analysis for request started. [] []
[2023-02-18T15:52:57.460979+00:00] DogtorPET.DEBUG: Request is identified as an actual CORS request. [] []
[2023-02-18T15:52:57.461078+00:00] DogtorPET.DEBUG: CORS analysis for request completed. [] []
[2023-02-18T15:53:20.747210+00:00] DogtorPET.DEBUG: CORS analysis for request started. [] []
[2023-02-18T15:53:20.747352+00:00] DogtorPET.DEBUG: Request is identified as a pre-flight CORS request. [] []
[2023-02-18T15:53:20.747399+00:00] DogtorPET.DEBUG: CORS analysis for request completed. [] []
[2023-02-18T15:53:20.755284+00:00] DogtorPET.DEBUG: Using token from request header [] []
[2023-02-18T15:53:20.755504+00:00] DogtorPET.DEBUG: CORS analysis for request started. [] []
[2023-02-18T15:53:20.755545+00:00] DogtorPET.DEBUG: Request is identified as an actual CORS request. [] []
[2023-02-18T15:53:20.755574+00:00] DogtorPET.DEBUG: CORS analysis for request completed. [] []
[2023-02-18T15:53:44.402732+00:00] DogtorPET.DEBUG: CORS analysis for request started. [] []
[2023-02-18T15:53:44.403028+00:00] DogtorPET.DEBUG: Request is identified as a pre-flight CORS request. [] []
[2023-02-18T15:53:44.403170+00:00] DogtorPET.DEBUG: CORS analysis for request completed. [] []
[2023-02-18T15:53:44.410719+00:00] DogtorPET.DEBUG: Using token from request header [] []
[2023-02-18T15:53:44.411224+00:00] DogtorPET.DEBUG: CORS analysis for request started. [] []
[2023-02-18T15:53:44.411322+00:00] DogtorPET.DEBUG: Request is identified as an actual CORS request. [] []
[2023-02-18T15:53:44.411419+00:00] DogtorPET.DEBUG: CORS analysis for request completed. [] []
[2023-02-18T15:53:48.867786+00:00] DogtorPET.DEBUG: Using token from request header [] []
[2023-02-18T15:53:48.868374+00:00] DogtorPET.DEBUG: CORS analysis for request started. [] []
[2023-02-18T15:53:48.868510+00:00] DogtorPET.DEBUG: Request is identified as an actual CORS request. [] []
[2023-02-18T15:53:48.868617+00:00] DogtorPET.DEBUG: CORS analysis for request completed. [] []
[2023-02-18T15:53:58.091584+00:00] DogtorPET.DEBUG: CORS analysis for request started. [] []
[2023-02-18T15:53:58.091838+00:00] DogtorPET.DEBUG: Request is identified as a pre-flight CORS request. [] []
[2023-02-18T15:53:58.091965+00:00] DogtorPET.DEBUG: CORS analysis for request completed. [] []
[2023-02-18T15:53:58.100245+00:00] DogtorPET.DEBUG: Using token from request header [] []
[2023-02-18T15:53:58.100937+00:00] DogtorPET.DEBUG: CORS analysis for request started. [] []
[2023-02-18T15:53:58.101083+00:00] DogtorPET.DEBUG: Request is identified as an actual CORS request. [] []
[2023-02-18T15:53:58.101161+00:00] DogtorPET.DEBUG: CORS analysis for request completed. [] []
[2023-02-18T15:54:36.790499+00:00] DogtorPET.DEBUG: CORS analysis for request started. [] []
[2023-02-18T15:54:36.790729+00:00] DogtorPET.DEBUG: Request is identified as a pre-flight CORS request. [] []
[2023-02-18T15:54:36.790878+00:00] DogtorPET.DEBUG: CORS analysis for request completed. [] []
[2023-02-18T15:54:36.799186+00:00] DogtorPET.DEBUG: CORS analysis for request started. [] []
[2023-02-18T15:54:36.799430+00:00] DogtorPET.DEBUG: Request is identified as an actual CORS request. [] []
[2023-02-18T15:54:36.799513+00:00] DogtorPET.DEBUG: CORS analysis for request completed. [] []
[2023-02-18T15:54:44.006473+00:00] DogtorPET.DEBUG: CORS analysis for request started. [] []
[2023-02-18T15:54:44.006642+00:00] DogtorPET.DEBUG: Request is identified as a pre-flight CORS request. [] []
[2023-02-18T15:54:44.006743+00:00] DogtorPET.DEBUG: CORS analysis for request completed. [] []
[2023-02-18T15:54:44.012235+00:00] DogtorPET.DEBUG: CORS analysis for request started. [] []
[2023-02-18T15:54:44.012404+00:00] DogtorPET.DEBUG: Request is identified as an actual CORS request. [] []
[2023-02-18T15:54:44.012463+00:00] DogtorPET.DEBUG: CORS analysis for request completed. [] []
[2023-02-18T15:54:49.807303+00:00] DogtorPET.DEBUG: CORS analysis for request started. [] []
[2023-02-18T15:54:49.807725+00:00] DogtorPET.DEBUG: Request is identified as a pre-flight CORS request. [] []
[2023-02-18T15:54:49.807849+00:00] DogtorPET.DEBUG: CORS analysis for request completed. [] []
[2023-02-18T15:54:49.815656+00:00] DogtorPET.DEBUG: CORS analysis for request started. [] []
[2023-02-18T15:54:49.815893+00:00] DogtorPET.DEBUG: Request is identified as an actual CORS request. [] []
[2023-02-18T15:54:49.815979+00:00] DogtorPET.DEBUG: CORS analysis for request completed. [] []
[2023-02-18T15:54:49.847112+00:00] DogtorPET.DEBUG: CORS analysis for request started. [] []
[2023-02-18T15:54:49.847372+00:00] DogtorPET.DEBUG: Request is identified as a pre-flight CORS request. [] []
[2023-02-18T15:54:49.847442+00:00] DogtorPET.DEBUG: CORS analysis for request completed. [] []
[2023-02-18T15:54:49.853149+00:00] DogtorPET.DEBUG: Using token from request header [] []
[2023-02-18T15:54:49.853364+00:00] DogtorPET.DEBUG: CORS analysis for request started. [] []
[2023-02-18T15:54:49.853404+00:00] DogtorPET.DEBUG: Request is identified as an actual CORS request. [] []
[2023-02-18T15:54:49.853440+00:00] DogtorPET.DEBUG: CORS analysis for request completed. [] []
